app/build/outputs/apk/manifest-merger-debug-report.txt
-- Merging decision tree log ---
manifest
ADDED from AndroidManifest.xml:1:1
	xmlns:android
		ADDED from AndroidManifest.xml:1:11
	package
		ADDED from AndroidManifest.xml:2:5
	android:versionName
		ADDED from AndroidManifest.xml:4:5
	android:versionCode
		ADDED from AndroidManifest.xml:3:5
		INJECTED from AndroidManifest.xml:0:0
		INJECTED from AndroidManifest.xml:0:0
uses-sdk
ADDED from AndroidManifest.xml:6:5
MERGED from org.altbeacon:android-beacon-library:2.1.4:7:5
MERGED from com.android.support:support-v4:22.2.0:20:5
MERGED from com.embarkmobile:zxing-android-minimal:2.0.0:24:3
MERGED from com.embarkmobile:zxing-android-integration:2.0.0:2:5
	android:targetSdkVersion
		ADDED from AndroidManifest.xml:8:9
		INJECTED from AndroidManifest.xml:0:0
		INJECTED from AndroidManifest.xml:0:0
	android:minSdkVersion
		ADDED from AndroidManifest.xml:7:9
		INJECTED from AndroidManifest.xml:0:0
		INJECTED from AndroidManifest.xml:0:0
uses-permission#android.permission.INTERNET
ADDED from AndroidManifest.xml:10:5
	android:name
		ADDED from AndroidManifest.xml:10:22
uses-permission#android.permission.BLUETOOTH
ADDED from AndroidManifest.xml:11:5
MERGED from org.altbeacon:android-beacon-library:2.1.4:11:5
	android:name
		ADDED from AndroidManifest.xml:11:22
uses-permission#android.permission.BLUETOOTH_ADMIN
ADDED from AndroidManifest.xml:12:5
MERGED from org.altbeacon:android-beacon-library:2.1.4:12:5
	android:name
		ADDED from AndroidManifest.xml:12:22
uses-permission#android.permission.GET_ACCOUNTS
ADDED from AndroidManifest.xml:13:5
	android:name
		ADDED from AndroidManifest.xml:13:22
application
ADDED from AndroidManifest.xml:15:5
MERGED from org.altbeacon:android-beacon-library:2.1.4:15:5
MERGED from com.android.support:support-v4:22.2.0:22:5
MERGED from com.embarkmobile:zxing-android-minimal:2.0.0:44:3
MERGED from com.embarkmobile:zxing-android-integration:2.0.0:4:5
	android:label
		ADDED from AndroidManifest.xml:18:9
	android:allowBackup
		ADDED from AndroidManifest.xml:16:9
	android:icon
		ADDED from AndroidManifest.xml:17:9
	android:theme
		ADDED from AndroidManifest.xml:19:9
	android:name
		ADDED from AndroidManifest.xml:20:9
activity#org.altbeacon.service.KonfigurasiPenggunaActivity
ADDED from AndroidManifest.xml:22:9
	android:label
		ADDED from AndroidManifest.xml:24:13
	android:theme
		ADDED from AndroidManifest.xml:25:13
	android:name
		ADDED from AndroidManifest.xml:23:13
intent-filter#android.intent.action.MAIN+android.intent.category.LAUNCHER
ADDED from AndroidManifest.xml:26:13
action#android.intent.action.MAIN
ADDED from AndroidManifest.xml:27:5
	android:name
		ADDED from AndroidManifest.xml:27:13
category#android.intent.category.LAUNCHER
ADDED from AndroidManifest.xml:28:17
	android:name
		ADDED from AndroidManifest.xml:28:27
service#org.altbeacon.service.BeaconService
ADDED from AndroidManifest.xml:32:9
	android:enabled
		ADDED from AndroidManifest.xml:33:13
	android:name
		ADDED from AndroidManifest.xml:34:13
activity#org.menu.balerasa.MainActivity
ADDED from AndroidManifest.xml:36:9
	android:label
		ADDED from AndroidManifest.xml:38:13
	android:name
		ADDED from AndroidManifest.xml:37:13
activity#org.menu.balerasa.MenuActivity
ADDED from AndroidManifest.xml:41:9
	android:label
		ADDED from AndroidManifest.xml:43:13
	android:name
		ADDED from AndroidManifest.xml:42:13
activity#org.menu.balerasa.VoucherActivity
ADDED from AndroidManifest.xml:46:9
	android:name
		ADDED from AndroidManifest.xml:47:13
activity#org.menu.balerasa.IklanActivity
ADDED from AndroidManifest.xml:51:9
	android:name
		ADDED from AndroidManifest.xml:52:13
activity#org.menu.balerasa.QRCodeActivity
ADDED from AndroidManifest.xml:56:9
	android:name
		ADDED from AndroidManifest.xml:57:13
activity#org.menu.balerasa.ExitActivity
ADDED from AndroidManifest.xml:61:9
	android:name
		ADDED from AndroidManifest.xml:62:13
receiver#org.receiver.BluetoothModeChangedReceiver
ADDED from AndroidManifest.xml:68:9
	android:enabled
		ADDED from AndroidManifest.xml:70:13
	android:name
		ADDED from AndroidManifest.xml:69:13
intent-filter#android.bluetooth.adapter.action.STATE_CHANGED
ADDED from AndroidManifest.xml:71:13
action#android.bluetooth.adapter.action.STATE_CHANGED
ADDED from AndroidManifest.xml:72:17
	android:name
		ADDED from AndroidManifest.xml:72:25
uses-permission#android.permission.RECEIVE_BOOT_COMPLETED
ADDED from org.altbeacon:android-beacon-library:2.1.4:13:5
	android:name
		ADDED from org.altbeacon:android-beacon-library:2.1.4:13:22
receiver#org.altbeacon.beacon.startup.StartupBroadcastReceiver
ADDED from org.altbeacon:android-beacon-library:2.1.4:16:9
	android:name
		ADDED from org.altbeacon:android-beacon-library:2.1.4:16:19
intent-filter#android.intent.action.ACTION_POWER_CONNECTED+android.intent.action.ACTION_POWER_DISCONNECTED+android.intent.action.BOOT_COMPLETED
ADDED from org.altbeacon:android-beacon-library:2.1.4:17:13
action#android.intent.action.BOOT_COMPLETED
ADDED from org.altbeacon:android-beacon-library:2.1.4:18:17
	android:name
		ADDED from org.altbeacon:android-beacon-library:2.1.4:18:25
action#android.intent.action.ACTION_POWER_CONNECTED
ADDED from org.altbeacon:android-beacon-library:2.1.4:19:17
	android:name
		ADDED from org.altbeacon:android-beacon-library:2.1.4:19:25
action#android.intent.action.ACTION_POWER_DISCONNECTED
ADDED from org.altbeacon:android-beacon-library:2.1.4:20:17
	android:name
		ADDED from org.altbeacon:android-beacon-library:2.1.4:20:25
service#org.altbeacon.beacon.service.BeaconService
ADDED from org.altbeacon:android-beacon-library:2.1.4:24:9
	android:label
		ADDED from org.altbeacon:android-beacon-library:2.1.4:29:13
	android:isolatedProcess
		ADDED from org.altbeacon:android-beacon-library:2.1.4:28:13
	android:exported
		ADDED from org.altbeacon:android-beacon-library:2.1.4:27:13
	android:enabled
		ADDED from org.altbeacon:android-beacon-library:2.1.4:26:13
	android:name
		ADDED from org.altbeacon:android-beacon-library:2.1.4:25:13
service#org.altbeacon.beacon.BeaconIntentProcessor
ADDED from org.altbeacon:android-beacon-library:2.1.4:30:9
	android:exported
		ADDED from org.altbeacon:android-beacon-library:2.1.4:33:13
	android:enabled
		ADDED from org.altbeacon:android-beacon-library:2.1.4:32:13
	android:name
		ADDED from org.altbeacon:android-beacon-library:2.1.4:31:13
uses-permission#android.permission.CAMERA
ADDED from com.embarkmobile:zxing-android-minimal:2.0.0:19:3
	android:name
		ADDED from com.embarkmobile:zxing-android-minimal:2.0.0:19:20
uses-permission#android.permission.VIBRATE
ADDED from com.embarkmobile:zxing-android-minimal:2.0.0:20:3
	android:name
		ADDED from com.embarkmobile:zxing-android-minimal:2.0.0:20:20
uses-permission#android.permission.FLASHLIGHT
ADDED from com.embarkmobile:zxing-android-minimal:2.0.0:21:3
	android:name
		ADDED from com.embarkmobile:zxing-android-minimal:2.0.0:21:20
uses-feature#android.hardware.camera
ADDED from com.embarkmobile:zxing-android-minimal:2.0.0:27:3
	android:required
		ADDED from com.embarkmobile:zxing-android-minimal:2.0.0:27:56
	android:name
		ADDED from com.embarkmobile:zxing-android-minimal:2.0.0:27:17
uses-feature#android.hardware.camera.front
ADDED from com.embarkmobile:zxing-android-minimal:2.0.0:28:3
	android:required
		ADDED from com.embarkmobile:zxing-android-minimal:2.0.0:28:62
	android:name
		ADDED from com.embarkmobile:zxing-android-minimal:2.0.0:28:17
uses-feature#android.hardware.camera.autofocus
ADDED from com.embarkmobile:zxing-android-minimal:2.0.0:31:3
	android:required
		ADDED from com.embarkmobile:zxing-android-minimal:2.0.0:31:66
	android:name
		ADDED from com.embarkmobile:zxing-android-minimal:2.0.0:31:17
uses-feature#android.hardware.camera.flash
ADDED from com.embarkmobile:zxing-android-minimal:2.0.0:32:3
	android:required
		ADDED from com.embarkmobile:zxing-android-minimal:2.0.0:32:62
	android:name
		ADDED from com.embarkmobile:zxing-android-minimal:2.0.0:32:17
uses-feature#android.hardware.screen.landscape
ADDED from com.embarkmobile:zxing-android-minimal:2.0.0:33:3
	android:required
		ADDED from com.embarkmobile:zxing-android-minimal:2.0.0:33:66
	android:name
		ADDED from com.embarkmobile:zxing-android-minimal:2.0.0:33:17
uses-feature#android.hardware.wifi
ADDED from com.embarkmobile:zxing-android-minimal:2.0.0:34:3
	android:required
		ADDED from com.embarkmobile:zxing-android-minimal:2.0.0:34:54
	android:name
		ADDED from com.embarkmobile:zxing-android-minimal:2.0.0:34:17
supports-screens
ADDED from com.embarkmobile:zxing-android-minimal:2.0.0:38:3
	android:largeScreens
		ADDED from com.embarkmobile:zxing-android-minimal:2.0.0:39:21
	android:anyDensity
		ADDED from com.embarkmobile:zxing-android-minimal:2.0.0:42:21
	android:normalScreens
		ADDED from com.embarkmobile:zxing-android-minimal:2.0.0:40:21
	android:xlargeScreens
		ADDED from com.embarkmobile:zxing-android-minimal:2.0.0:38:21
	android:smallScreens
		ADDED from com.embarkmobile:zxing-android-minimal:2.0.0:41:21
activity#com.google.zxing.client.android.CaptureActivity
ADDED from com.embarkmobile:zxing-android-minimal:2.0.0:45:7
	android:windowSoftInputMode
		ADDED from com.embarkmobile:zxing-android-minimal:2.0.0:50:17
	android:screenOrientation
		ADDED from com.embarkmobile:zxing-android-minimal:2.0.0:47:17
	android:theme
		ADDED from com.embarkmobile:zxing-android-minimal:2.0.0:49:17
	android:stateNotNeeded
		ADDED from com.embarkmobile:zxing-android-minimal:2.0.0:48:17
	android:clearTaskOnLaunch
		ADDED from com.embarkmobile:zxing-android-minimal:2.0.0:46:17
	android:name
		ADDED from com.embarkmobile:zxing-android-minimal:2.0.0:45:17
activity#com.google.zxing.client.android.HelpActivity
ADDED from com.embarkmobile:zxing-android-minimal:2.0.0:51:7
	android:screenOrientation
		ADDED from com.embarkmobile:zxing-android-minimal:2.0.0:53:17
	android:label
		ADDED from com.embarkmobile:zxing-android-minimal:2.0.0:52:17
	android:stateNotNeeded
		ADDED from com.embarkmobile:zxing-android-minimal:2.0.0:54:17
	android:name
		ADDED from com.embarkmobile:zxing-android-minimal:2.0.0:51:17
activity#com.google.zxing.client.android.encode.EncodeActivity
ADDED from com.embarkmobile:zxing-android-minimal:2.0.0:55:7
	android:screenOrientation
		ADDED from com.embarkmobile:zxing-android-minimal:2.0.0:56:17
	android:name
		ADDED from com.embarkmobile:zxing-android-minimal:2.0.0:55:17